<?xml version="1.0" encoding="UTF-8"?>
<!-- Generated by org.testng.reporters.JUnitReportReporter -->
<testsuite skipped="0" hostname="LAPTOP-J7I686T3" name="RaviFramework.Mavenjava.Selenium" tests="2" failures="0" timestamp="2020-06-30T17:28:40 IST" time="0.002" errors="0">
  <testcase name="SecondMethod" time="0.001" classname="RaviFramework.Mavenjava.Selenium"/>
  <system-out/>
  <testcase name="StartAutomation" time="0.001" classname="RaviFramework.Mavenjava.Selenium"/>
  <system-out/>
</testsuite> <!-- RaviFramework.Mavenjava.Selenium -->
