<?xml version="1.0" encoding="UTF-8"?>
<!-- Generated by org.testng.reporters.JUnitReportReporter -->
<testsuite skipped="0" hostname="LAPTOP-J7I686T3" name="RaviFramework.Mavenjava.WebApp" tests="2" failures="0" timestamp="2020-06-30T17:28:40 IST" time="0.014" errors="0">
  <testcase name="FourthMethod" time="0.012" classname="RaviFramework.Mavenjava.WebApp"/>
  <system-out/>
  <testcase name="ThirdMethod" time="0.002" classname="RaviFramework.Mavenjava.WebApp"/>
  <system-out/>
</testsuite> <!-- RaviFramework.Mavenjava.WebApp -->
