<?xml version="1.0" encoding="UTF-8"?>
<!-- Generated by org.testng.reporters.JUnitReportReporter -->
<testsuite hostname="LAPTOP-J7I686T3" name="RaviFramework.Mavenjava.WebApp" tests="2" failures="0" timestamp="30 Jun 2020 11:55:38 GMT" time="0.017" errors="0">
  <testcase name="FourthMethod" time="0.015" classname="RaviFramework.Mavenjava.WebApp"/>
  <testcase name="ThirdMethod" time="0.002" classname="RaviFramework.Mavenjava.WebApp"/>
</testsuite> <!-- RaviFramework.Mavenjava.WebApp -->
