<?xml version="1.0" encoding="UTF-8"?>
<!-- Generated by org.testng.reporters.JUnitReportReporter -->
<testsuite hostname="LAPTOP-J7I686T3" name="RaviFramework.Mavenjava.Selenium" tests="2" failures="0" timestamp="30 Jun 2020 11:55:38 GMT" time="0.002" errors="0">
  <testcase name="StartAutomation" time="0.000" classname="RaviFramework.Mavenjava.Selenium"/>
  <testcase name="SecondMethod" time="0.002" classname="RaviFramework.Mavenjava.Selenium"/>
</testsuite> <!-- RaviFramework.Mavenjava.Selenium -->
